2025-04-21T09:14:43.738+05:30  INFO 6372 --- [health-tourism] [restartedMain] c.e.h.HealthTourismApplication           : Starting HealthTourismApplication using Java 23.0.1 with PID 6372 (C:\Users\HARSH RATHOD\Downloads\FULL-Health-tour-app-main\FULL-Health-tour-app-main\health-tourism\target\classes started by HARSH RATHOD in C:\Users\HARSH RATHOD\Downloads\FULL-Health-tour-app-main\FULL-Health-tour-app-main\health-tourism)
2025-04-21T09:14:43.738+05:30  INFO 6372 --- [health-tourism] [restartedMain] c.e.h.HealthTourismApplication           : No active profile set, falling back to 1 default profile: "default"
2025-04-21T09:14:43.829+05:30  INFO 6372 --- [health-tourism] [restartedMain] .e.DevToolsPropertyDefaultsPostProcessor : Devtools property defaults active! Set 'spring.devtools.add-properties' to 'false' to disable
2025-04-21T09:14:43.829+05:30  INFO 6372 --- [health-tourism] [restartedMain] .e.DevToolsPropertyDefaultsPostProcessor : For additional web related logging consider setting the 'logging.level.web' property to 'DEBUG'
2025-04-21T09:14:44.975+05:30  INFO 6372 --- [health-tourism] [restartedMain] .s.d.r.c.RepositoryConfigurationDelegate : Bootstrapping Spring Data JPA repositories in DEFAULT mode.
2025-04-21T09:14:45.055+05:30  INFO 6372 --- [health-tourism] [restartedMain] .s.d.r.c.RepositoryConfigurationDelegate : Finished Spring Data repository scanning in 65 ms. Found 1 JPA repository interface.
2025-04-21T09:14:45.892+05:30  INFO 6372 --- [health-tourism] [restartedMain] o.s.b.w.embedded.tomcat.TomcatWebServer  : Tomcat initialized with port 8080 (http)
2025-04-21T09:14:45.908+05:30  INFO 6372 --- [health-tourism] [restartedMain] o.apache.catalina.core.StandardService   : Starting service [Tomcat]
2025-04-21T09:14:45.908+05:30  INFO 6372 --- [health-tourism] [restartedMain] o.apache.catalina.core.StandardEngine    : Starting Servlet engine: [Apache Tomcat/10.1.39]
2025-04-21T09:14:45.972+05:30  INFO 6372 --- [health-tourism] [restartedMain] o.a.c.c.C.[Tomcat].[localhost].[/]       : Initializing Spring embedded WebApplicationContext
2025-04-21T09:14:45.972+05:30  INFO 6372 --- [health-tourism] [restartedMain] w.s.c.ServletWebServerApplicationContext : Root WebApplicationContext: initialization completed in 2143 ms
2025-04-21T09:14:46.349+05:30  INFO 6372 --- [health-tourism] [restartedMain] o.hibernate.jpa.internal.util.LogHelper  : HHH000204: Processing PersistenceUnitInfo [name: default]
2025-04-21T09:14:46.490+05:30  INFO 6372 --- [health-tourism] [restartedMain] org.hibernate.Version                    : HHH000412: Hibernate ORM core version 6.6.11.Final
2025-04-21T09:14:46.956+05:30  INFO 6372 --- [health-tourism] [restartedMain] o.h.c.internal.RegionFactoryInitiator    : HHH000026: Second-level cache disabled
2025-04-21T09:14:48.090+05:30  INFO 6372 --- [health-tourism] [restartedMain] o.s.o.j.p.SpringPersistenceUnitInfo      : No LoadTimeWeaver setup: ignoring JPA class transformer
2025-04-21T09:14:48.138+05:30  INFO 6372 --- [health-tourism] [restartedMain] com.zaxxer.hikari.HikariDataSource       : HikariPool-1 - Starting...
2025-04-21T09:14:48.437+05:30  INFO 6372 --- [health-tourism] [restartedMain] com.zaxxer.hikari.pool.HikariPool        : HikariPool-1 - Added connection conn0: url=jdbc:h2:mem:testdb user=SA
2025-04-21T09:14:48.437+05:30  INFO 6372 --- [health-tourism] [restartedMain] com.zaxxer.hikari.HikariDataSource       : HikariPool-1 - Start completed.
2025-04-21T09:14:48.480+05:30  WARN 6372 --- [health-tourism] [restartedMain] org.hibernate.orm.deprecation            : HHH90000025: H2Dialect does not need to be specified explicitly using 'hibernate.dialect' (remove the property setting and it will be selected by default)
2025-04-21T09:14:48.518+05:30  INFO 6372 --- [health-tourism] [restartedMain] org.hibernate.orm.connections.pooling    : HHH10001005: Database info:
	Database JDBC URL [Connecting through datasource 'HikariDataSource (HikariPool-1)']
	Database driver: undefined/unknown
	Database version: 2.3.232
	Autocommit mode: undefined/unknown
	Isolation level: undefined/unknown
	Minimum pool size: undefined/unknown
	Maximum pool size: undefined/unknown
2025-04-21T09:14:49.546+05:30  INFO 6372 --- [health-tourism] [restartedMain] o.h.e.t.j.p.i.JtaPlatformInitiator       : HHH000489: No JTA platform available (set 'hibernate.transaction.jta.platform' to enable JTA platform integration)
2025-04-21T09:14:49.610+05:30  INFO 6372 --- [health-tourism] [restartedMain] j.LocalContainerEntityManagerFactoryBean : Initialized JPA EntityManagerFactory for persistence unit 'default'
2025-04-21T09:14:50.155+05:30  INFO 6372 --- [health-tourism] [restartedMain] o.s.d.j.r.query.QueryEnhancerFactory     : Hibernate is in classpath; If applicable, HQL parser will be used.
2025-04-21T09:14:51.081+05:30  WARN 6372 --- [health-tourism] [restartedMain] JpaBaseConfiguration$JpaWebConfiguration : spring.jpa.open-in-view is enabled by default. Therefore, database queries may be performed during view rendering. Explicitly configure spring.jpa.open-in-view to disable this warning
2025-04-21T09:14:51.462+05:30  INFO 6372 --- [health-tourism] [restartedMain] o.s.b.a.h2.H2ConsoleAutoConfiguration    : H2 console available at '/h2-console'. Database available at 'jdbc:h2:mem:testdb'
2025-04-21T09:14:51.609+05:30  INFO 6372 --- [health-tourism] [restartedMain] o.s.b.d.a.OptionalLiveReloadServer       : LiveReload server is running on port 35729
2025-04-21T09:14:51.652+05:30  INFO 6372 --- [health-tourism] [restartedMain] o.s.b.w.embedded.tomcat.TomcatWebServer  : Tomcat started on port 8080 (http) with context path '/'
2025-04-21T09:14:51.666+05:30  INFO 6372 --- [health-tourism] [restartedMain] c.e.h.HealthTourismApplication           : Started HealthTourismApplication in 8.571 seconds (process running for 9.415)
2025-04-21T09:15:51.878+05:30  INFO 6372 --- [health-tourism] [http-nio-8080-exec-1] o.a.c.c.C.[Tomcat].[localhost].[/]       : Initializing Spring DispatcherServlet 'dispatcherServlet'
2025-04-21T09:15:51.878+05:30  INFO 6372 --- [health-tourism] [http-nio-8080-exec-1] o.s.web.servlet.DispatcherServlet        : Initializing Servlet 'dispatcherServlet'
2025-04-21T09:15:51.883+05:30  INFO 6372 --- [health-tourism] [http-nio-8080-exec-1] o.s.web.servlet.DispatcherServlet        : Completed initialization in 5 ms
2025-04-21T09:30:58.050+05:30  INFO 6372 --- [health-tourism] [SpringApplicationShutdownHook] o.s.b.w.e.tomcat.GracefulShutdown        : Commencing graceful shutdown. Waiting for active requests to complete
2025-04-21T09:30:58.160+05:30  INFO 6372 --- [health-tourism] [tomcat-shutdown] o.s.b.w.e.tomcat.GracefulShutdown        : Graceful shutdown complete
2025-04-21T09:30:58.238+05:30  INFO 6372 --- [health-tourism] [SpringApplicationShutdownHook] j.LocalContainerEntityManagerFactoryBean : Closing JPA EntityManagerFactory for persistence unit 'default'
2025-04-21T09:30:58.490+05:30  WARN 6372 --- [health-tourism] [SpringApplicationShutdownHook] o.s.b.f.support.DisposableBeanAdapter    : Invocation of destroy method failed on bean with name 'inMemoryDatabaseShutdownExecutor': org.h2.jdbc.JdbcSQLNonTransientConnectionException: Database is already closed (to disable automatic closing at VM shutdown, add ";DB_CLOSE_ON_EXIT=FALSE" to the db URL) [90121-232]
2025-04-21T09:30:58.490+05:30  INFO 6372 --- [health-tourism] [SpringApplicationShutdownHook] com.zaxxer.hikari.HikariDataSource       : HikariPool-1 - Shutdown initiated...
2025-04-21T09:30:58.521+05:30  INFO 6372 --- [health-tourism] [SpringApplicationShutdownHook] com.zaxxer.hikari.HikariDataSource       : HikariPool-1 - Shutdown completed.
2025-04-21T09:57:23.320+05:30  INFO 9512 --- [health-tourism] [restartedMain] c.e.h.HealthTourismApplication           : Starting HealthTourismApplication using Java 23.0.1 with PID 9512 (C:\Users\HARSH RATHOD\Downloads\FULL-Health-tour-app-main\FULL-Health-tour-app-main\health-tourism\target\classes started by HARSH RATHOD in C:\Users\HARSH RATHOD\Downloads\FULL-Health-tour-app-main\FULL-Health-tour-app-main\health-tourism)
2025-04-21T09:57:23.324+05:30  INFO 9512 --- [health-tourism] [restartedMain] c.e.h.HealthTourismApplication           : No active profile set, falling back to 1 default profile: "default"
2025-04-21T09:57:23.395+05:30  INFO 9512 --- [health-tourism] [restartedMain] .e.DevToolsPropertyDefaultsPostProcessor : Devtools property defaults active! Set 'spring.devtools.add-properties' to 'false' to disable
2025-04-21T09:57:23.395+05:30  INFO 9512 --- [health-tourism] [restartedMain] .e.DevToolsPropertyDefaultsPostProcessor : For additional web related logging consider setting the 'logging.level.web' property to 'DEBUG'
2025-04-21T09:57:24.514+05:30  INFO 9512 --- [health-tourism] [restartedMain] .s.d.r.c.RepositoryConfigurationDelegate : Bootstrapping Spring Data JPA repositories in DEFAULT mode.
2025-04-21T09:57:24.606+05:30  INFO 9512 --- [health-tourism] [restartedMain] .s.d.r.c.RepositoryConfigurationDelegate : Finished Spring Data repository scanning in 66 ms. Found 1 JPA repository interface.
2025-04-21T09:57:25.504+05:30  INFO 9512 --- [health-tourism] [restartedMain] o.s.b.w.embedded.tomcat.TomcatWebServer  : Tomcat initialized with port 8080 (http)
2025-04-21T09:57:25.535+05:30  INFO 9512 --- [health-tourism] [restartedMain] o.apache.catalina.core.StandardService   : Starting service [Tomcat]
2025-04-21T09:57:25.535+05:30  INFO 9512 --- [health-tourism] [restartedMain] o.apache.catalina.core.StandardEngine    : Starting Servlet engine: [Apache Tomcat/10.1.39]
2025-04-21T09:57:25.583+05:30  INFO 9512 --- [health-tourism] [restartedMain] o.a.c.c.C.[Tomcat].[localhost].[/]       : Initializing Spring embedded WebApplicationContext
2025-04-21T09:57:25.583+05:30  INFO 9512 --- [health-tourism] [restartedMain] w.s.c.ServletWebServerApplicationContext : Root WebApplicationContext: initialization completed in 2186 ms
2025-04-21T09:57:25.866+05:30  INFO 9512 --- [health-tourism] [restartedMain] o.hibernate.jpa.internal.util.LogHelper  : HHH000204: Processing PersistenceUnitInfo [name: default]
2025-04-21T09:57:25.975+05:30  INFO 9512 --- [health-tourism] [restartedMain] org.hibernate.Version                    : HHH000412: Hibernate ORM core version 6.6.11.Final
2025-04-21T09:57:26.008+05:30  INFO 9512 --- [health-tourism] [restartedMain] o.h.c.internal.RegionFactoryInitiator    : HHH000026: Second-level cache disabled
2025-04-21T09:57:26.344+05:30  INFO 9512 --- [health-tourism] [restartedMain] o.s.o.j.p.SpringPersistenceUnitInfo      : No LoadTimeWeaver setup: ignoring JPA class transformer
2025-04-21T09:57:26.388+05:30  INFO 9512 --- [health-tourism] [restartedMain] com.zaxxer.hikari.HikariDataSource       : HikariPool-1 - Starting...
2025-04-21T09:57:26.660+05:30  INFO 9512 --- [health-tourism] [restartedMain] com.zaxxer.hikari.pool.HikariPool        : HikariPool-1 - Added connection conn0: url=jdbc:h2:mem:testdb user=SA
2025-04-21T09:57:26.667+05:30  INFO 9512 --- [health-tourism] [restartedMain] com.zaxxer.hikari.HikariDataSource       : HikariPool-1 - Start completed.
2025-04-21T09:57:26.700+05:30  WARN 9512 --- [health-tourism] [restartedMain] org.hibernate.orm.deprecation            : HHH90000025: H2Dialect does not need to be specified explicitly using 'hibernate.dialect' (remove the property setting and it will be selected by default)
2025-04-21T09:57:26.730+05:30  INFO 9512 --- [health-tourism] [restartedMain] org.hibernate.orm.connections.pooling    : HHH10001005: Database info:
	Database JDBC URL [Connecting through datasource 'HikariDataSource (HikariPool-1)']
	Database driver: undefined/unknown
	Database version: 2.3.232
	Autocommit mode: undefined/unknown
	Isolation level: undefined/unknown
	Minimum pool size: undefined/unknown
	Maximum pool size: undefined/unknown
2025-04-21T09:57:27.542+05:30  INFO 9512 --- [health-tourism] [restartedMain] o.h.e.t.j.p.i.JtaPlatformInitiator       : HHH000489: No JTA platform available (set 'hibernate.transaction.jta.platform' to enable JTA platform integration)
2025-04-21T09:57:27.598+05:30  INFO 9512 --- [health-tourism] [restartedMain] j.LocalContainerEntityManagerFactoryBean : Initialized JPA EntityManagerFactory for persistence unit 'default'
2025-04-21T09:57:28.002+05:30  INFO 9512 --- [health-tourism] [restartedMain] o.s.d.j.r.query.QueryEnhancerFactory     : Hibernate is in classpath; If applicable, HQL parser will be used.
2025-04-21T09:57:28.788+05:30  WARN 9512 --- [health-tourism] [restartedMain] JpaBaseConfiguration$JpaWebConfiguration : spring.jpa.open-in-view is enabled by default. Therefore, database queries may be performed during view rendering. Explicitly configure spring.jpa.open-in-view to disable this warning
2025-04-21T09:57:29.227+05:30  INFO 9512 --- [health-tourism] [restartedMain] o.s.b.a.h2.H2ConsoleAutoConfiguration    : H2 console available at '/h2-console'. Database available at 'jdbc:h2:mem:testdb'
2025-04-21T09:57:29.453+05:30  INFO 9512 --- [health-tourism] [restartedMain] o.s.b.d.a.OptionalLiveReloadServer       : LiveReload server is running on port 35729
2025-04-21T09:57:29.505+05:30  INFO 9512 --- [health-tourism] [restartedMain] o.s.b.w.embedded.tomcat.TomcatWebServer  : Tomcat started on port 8080 (http) with context path '/'
2025-04-21T09:57:29.513+05:30  INFO 9512 --- [health-tourism] [restartedMain] c.e.h.HealthTourismApplication           : Started HealthTourismApplication in 7.239 seconds (process running for 11.912)
2025-04-21T09:57:36.883+05:30  INFO 9512 --- [health-tourism] [http-nio-8080-exec-1] o.a.c.c.C.[Tomcat].[localhost].[/]       : Initializing Spring DispatcherServlet 'dispatcherServlet'
2025-04-21T09:57:36.883+05:30  INFO 9512 --- [health-tourism] [http-nio-8080-exec-1] o.s.web.servlet.DispatcherServlet        : Initializing Servlet 'dispatcherServlet'
2025-04-21T09:57:36.883+05:30  INFO 9512 --- [health-tourism] [http-nio-8080-exec-1] o.s.web.servlet.DispatcherServlet        : Completed initialization in 0 ms
2025-04-21T10:06:50.224+05:30  INFO 9512 --- [health-tourism] [SpringApplicationShutdownHook] o.s.b.w.e.tomcat.GracefulShutdown        : Commencing graceful shutdown. Waiting for active requests to complete
2025-04-21T10:06:50.297+05:30  INFO 9512 --- [health-tourism] [tomcat-shutdown] o.s.b.w.e.tomcat.GracefulShutdown        : Graceful shutdown complete
2025-04-21T10:06:50.358+05:30  INFO 9512 --- [health-tourism] [SpringApplicationShutdownHook] j.LocalContainerEntityManagerFactoryBean : Closing JPA EntityManagerFactory for persistence unit 'default'
2025-04-21T10:06:50.548+05:30  WARN 9512 --- [health-tourism] [SpringApplicationShutdownHook] o.s.b.f.support.DisposableBeanAdapter    : Invocation of destroy method failed on bean with name 'inMemoryDatabaseShutdownExecutor': org.h2.jdbc.JdbcSQLNonTransientConnectionException: Database is already closed (to disable automatic closing at VM shutdown, add ";DB_CLOSE_ON_EXIT=FALSE" to the db URL) [90121-232]
2025-04-21T10:06:50.548+05:30  INFO 9512 --- [health-tourism] [SpringApplicationShutdownHook] com.zaxxer.hikari.HikariDataSource       : HikariPool-1 - Shutdown initiated...
2025-04-21T10:06:50.568+05:30  INFO 9512 --- [health-tourism] [SpringApplicationShutdownHook] com.zaxxer.hikari.HikariDataSource       : HikariPool-1 - Shutdown completed.
2025-04-21T13:25:12.723+05:30  INFO 21044 --- [health-tourism] [restartedMain] c.e.h.HealthTourismApplication           : Starting HealthTourismApplication using Java 23.0.1 with PID 21044 (C:\Users\HARSH RATHOD\Downloads\FULL-Health-tour-app-main\FULL-Health-tour-app-main\health-tourism\target\classes started by HARSH RATHOD in C:\Users\HARSH RATHOD\Downloads\FULL-Health-tour-app-main\FULL-Health-tour-app-main\health-tourism)
2025-04-21T13:25:12.723+05:30  INFO 21044 --- [health-tourism] [restartedMain] c.e.h.HealthTourismApplication           : No active profile set, falling back to 1 default profile: "default"
2025-04-21T13:25:12.809+05:30  INFO 21044 --- [health-tourism] [restartedMain] .e.DevToolsPropertyDefaultsPostProcessor : Devtools property defaults active! Set 'spring.devtools.add-properties' to 'false' to disable
2025-04-21T13:25:12.809+05:30  INFO 21044 --- [health-tourism] [restartedMain] .e.DevToolsPropertyDefaultsPostProcessor : For additional web related logging consider setting the 'logging.level.web' property to 'DEBUG'
2025-04-21T13:25:14.020+05:30  INFO 21044 --- [health-tourism] [restartedMain] .s.d.r.c.RepositoryConfigurationDelegate : Bootstrapping Spring Data JPA repositories in DEFAULT mode.
2025-04-21T13:25:14.099+05:30  INFO 21044 --- [health-tourism] [restartedMain] .s.d.r.c.RepositoryConfigurationDelegate : Finished Spring Data repository scanning in 63 ms. Found 1 JPA repository interface.
2025-04-21T13:25:14.936+05:30  INFO 21044 --- [health-tourism] [restartedMain] o.s.b.w.embedded.tomcat.TomcatWebServer  : Tomcat initialized with port 8080 (http)
2025-04-21T13:25:14.952+05:30  INFO 21044 --- [health-tourism] [restartedMain] o.apache.catalina.core.StandardService   : Starting service [Tomcat]
2025-04-21T13:25:14.952+05:30  INFO 21044 --- [health-tourism] [restartedMain] o.apache.catalina.core.StandardEngine    : Starting Servlet engine: [Apache Tomcat/10.1.39]
2025-04-21T13:25:15.031+05:30  INFO 21044 --- [health-tourism] [restartedMain] o.a.c.c.C.[Tomcat].[localhost].[/]       : Initializing Spring embedded WebApplicationContext
2025-04-21T13:25:15.033+05:30  INFO 21044 --- [health-tourism] [restartedMain] w.s.c.ServletWebServerApplicationContext : Root WebApplicationContext: initialization completed in 2222 ms
2025-04-21T13:25:15.455+05:30  INFO 21044 --- [health-tourism] [restartedMain] o.hibernate.jpa.internal.util.LogHelper  : HHH000204: Processing PersistenceUnitInfo [name: default]
2025-04-21T13:25:15.589+05:30  INFO 21044 --- [health-tourism] [restartedMain] org.hibernate.Version                    : HHH000412: Hibernate ORM core version 6.6.11.Final
2025-04-21T13:25:15.659+05:30  INFO 21044 --- [health-tourism] [restartedMain] o.h.c.internal.RegionFactoryInitiator    : HHH000026: Second-level cache disabled
2025-04-21T13:25:16.075+05:30  INFO 21044 --- [health-tourism] [restartedMain] o.s.o.j.p.SpringPersistenceUnitInfo      : No LoadTimeWeaver setup: ignoring JPA class transformer
2025-04-21T13:25:16.122+05:30  INFO 21044 --- [health-tourism] [restartedMain] com.zaxxer.hikari.HikariDataSource       : HikariPool-1 - Starting...
2025-04-21T13:25:16.403+05:30  INFO 21044 --- [health-tourism] [restartedMain] com.zaxxer.hikari.pool.HikariPool        : HikariPool-1 - Added connection conn0: url=jdbc:h2:mem:testdb user=SA
2025-04-21T13:25:16.407+05:30  INFO 21044 --- [health-tourism] [restartedMain] com.zaxxer.hikari.HikariDataSource       : HikariPool-1 - Start completed.
2025-04-21T13:25:16.439+05:30  WARN 21044 --- [health-tourism] [restartedMain] org.hibernate.orm.deprecation            : HHH90000025: H2Dialect does not need to be specified explicitly using 'hibernate.dialect' (remove the property setting and it will be selected by default)
2025-04-21T13:25:16.487+05:30  INFO 21044 --- [health-tourism] [restartedMain] org.hibernate.orm.connections.pooling    : HHH10001005: Database info:
	Database JDBC URL [Connecting through datasource 'HikariDataSource (HikariPool-1)']
	Database driver: undefined/unknown
	Database version: 2.3.232
	Autocommit mode: undefined/unknown
	Isolation level: undefined/unknown
	Minimum pool size: undefined/unknown
	Maximum pool size: undefined/unknown
2025-04-21T13:25:17.342+05:30  INFO 21044 --- [health-tourism] [restartedMain] o.h.e.t.j.p.i.JtaPlatformInitiator       : HHH000489: No JTA platform available (set 'hibernate.transaction.jta.platform' to enable JTA platform integration)
2025-04-21T13:25:17.404+05:30  INFO 21044 --- [health-tourism] [restartedMain] j.LocalContainerEntityManagerFactoryBean : Initialized JPA EntityManagerFactory for persistence unit 'default'
2025-04-21T13:25:17.881+05:30  INFO 21044 --- [health-tourism] [restartedMain] o.s.d.j.r.query.QueryEnhancerFactory     : Hibernate is in classpath; If applicable, HQL parser will be used.
2025-04-21T13:25:18.828+05:30  WARN 21044 --- [health-tourism] [restartedMain] JpaBaseConfiguration$JpaWebConfiguration : spring.jpa.open-in-view is enabled by default. Therefore, database queries may be performed during view rendering. Explicitly configure spring.jpa.open-in-view to disable this warning
2025-04-21T13:25:19.309+05:30  INFO 21044 --- [health-tourism] [restartedMain] o.s.b.a.h2.H2ConsoleAutoConfiguration    : H2 console available at '/h2-console'. Database available at 'jdbc:h2:mem:testdb'
2025-04-21T13:25:19.543+05:30  INFO 21044 --- [health-tourism] [restartedMain] o.s.b.d.a.OptionalLiveReloadServer       : LiveReload server is running on port 35729
2025-04-21T13:25:19.626+05:30  INFO 21044 --- [health-tourism] [restartedMain] o.s.b.w.embedded.tomcat.TomcatWebServer  : Tomcat started on port 8080 (http) with context path '/'
2025-04-21T13:25:19.646+05:30  INFO 21044 --- [health-tourism] [restartedMain] c.e.h.HealthTourismApplication           : Started HealthTourismApplication in 7.612 seconds (process running for 11.617)
2025-04-21T13:25:30.135+05:30  INFO 21044 --- [health-tourism] [http-nio-8080-exec-1] o.a.c.c.C.[Tomcat].[localhost].[/]       : Initializing Spring DispatcherServlet 'dispatcherServlet'
2025-04-21T13:25:30.135+05:30  INFO 21044 --- [health-tourism] [http-nio-8080-exec-1] o.s.web.servlet.DispatcherServlet        : Initializing Servlet 'dispatcherServlet'
2025-04-21T13:25:30.147+05:30  INFO 21044 --- [health-tourism] [http-nio-8080-exec-1] o.s.web.servlet.DispatcherServlet        : Completed initialization in 12 ms
2025-04-21T13:50:33.474+05:30  WARN 21044 --- [health-tourism] [HikariPool-1 housekeeper] com.zaxxer.hikari.pool.HikariPool        : HikariPool-1 - Thread starvation or clock leap detected (housekeeper delta=1m46s572ms481µs400ns).
2025-04-21T13:50:36.250+05:30  INFO 21044 --- [health-tourism] [SpringApplicationShutdownHook] o.s.b.w.e.tomcat.GracefulShutdown        : Commencing graceful shutdown. Waiting for active requests to complete
2025-04-21T13:50:36.281+05:30  INFO 21044 --- [health-tourism] [tomcat-shutdown] o.s.b.w.e.tomcat.GracefulShutdown        : Graceful shutdown complete
2025-04-21T13:50:36.297+05:30  INFO 21044 --- [health-tourism] [SpringApplicationShutdownHook] j.LocalContainerEntityManagerFactoryBean : Closing JPA EntityManagerFactory for persistence unit 'default'
2025-04-21T13:50:36.377+05:30  WARN 21044 --- [health-tourism] [SpringApplicationShutdownHook] o.s.b.f.support.DisposableBeanAdapter    : Invocation of destroy method failed on bean with name 'inMemoryDatabaseShutdownExecutor': org.h2.jdbc.JdbcSQLNonTransientConnectionException: Database is already closed (to disable automatic closing at VM shutdown, add ";DB_CLOSE_ON_EXIT=FALSE" to the db URL) [90121-232]
2025-04-21T13:50:36.377+05:30  INFO 21044 --- [health-tourism] [SpringApplicationShutdownHook] com.zaxxer.hikari.HikariDataSource       : HikariPool-1 - Shutdown initiated...
2025-04-21T13:50:36.392+05:30  INFO 21044 --- [health-tourism] [SpringApplicationShutdownHook] com.zaxxer.hikari.HikariDataSource       : HikariPool-1 - Shutdown completed.
2025-04-21T15:10:07.682+05:30  INFO 23448 --- [health-tourism] [restartedMain] c.e.h.HealthTourismApplication           : Starting HealthTourismApplication using Java 23.0.1 with PID 23448 (C:\Users\HARSH RATHOD\Downloads\FULL-Health-tour-app-main\FULL-Health-tour-app-main\health-tourism\target\classes started by HARSH RATHOD in C:\Users\HARSH RATHOD\Downloads\FULL-Health-tour-app-main\FULL-Health-tour-app-main\health-tourism)
2025-04-21T15:10:07.682+05:30  INFO 23448 --- [health-tourism] [restartedMain] c.e.h.HealthTourismApplication           : No active profile set, falling back to 1 default profile: "default"
2025-04-21T15:10:07.751+05:30  INFO 23448 --- [health-tourism] [restartedMain] .e.DevToolsPropertyDefaultsPostProcessor : Devtools property defaults active! Set 'spring.devtools.add-properties' to 'false' to disable
2025-04-21T15:10:07.751+05:30  INFO 23448 --- [health-tourism] [restartedMain] .e.DevToolsPropertyDefaultsPostProcessor : For additional web related logging consider setting the 'logging.level.web' property to 'DEBUG'
2025-04-21T15:10:09.306+05:30  INFO 23448 --- [health-tourism] [restartedMain] .s.d.r.c.RepositoryConfigurationDelegate : Bootstrapping Spring Data JPA repositories in DEFAULT mode.
2025-04-21T15:10:09.387+05:30  INFO 23448 --- [health-tourism] [restartedMain] .s.d.r.c.RepositoryConfigurationDelegate : Finished Spring Data repository scanning in 58 ms. Found 1 JPA repository interface.
2025-04-21T15:10:10.310+05:30  INFO 23448 --- [health-tourism] [restartedMain] o.s.b.w.embedded.tomcat.TomcatWebServer  : Tomcat initialized with port 8080 (http)
2025-04-21T15:10:10.336+05:30  INFO 23448 --- [health-tourism] [restartedMain] o.apache.catalina.core.StandardService   : Starting service [Tomcat]
2025-04-21T15:10:10.336+05:30  INFO 23448 --- [health-tourism] [restartedMain] o.apache.catalina.core.StandardEngine    : Starting Servlet engine: [Apache Tomcat/10.1.39]
2025-04-21T15:10:10.426+05:30  INFO 23448 --- [health-tourism] [restartedMain] o.a.c.c.C.[Tomcat].[localhost].[/]       : Initializing Spring embedded WebApplicationContext
2025-04-21T15:10:10.426+05:30  INFO 23448 --- [health-tourism] [restartedMain] w.s.c.ServletWebServerApplicationContext : Root WebApplicationContext: initialization completed in 2673 ms
2025-04-21T15:10:10.709+05:30  INFO 23448 --- [health-tourism] [restartedMain] o.hibernate.jpa.internal.util.LogHelper  : HHH000204: Processing PersistenceUnitInfo [name: default]
2025-04-21T15:10:10.811+05:30  INFO 23448 --- [health-tourism] [restartedMain] org.hibernate.Version                    : HHH000412: Hibernate ORM core version 6.6.11.Final
2025-04-21T15:10:10.860+05:30  INFO 23448 --- [health-tourism] [restartedMain] o.h.c.internal.RegionFactoryInitiator    : HHH000026: Second-level cache disabled
2025-04-21T15:10:11.268+05:30  INFO 23448 --- [health-tourism] [restartedMain] o.s.o.j.p.SpringPersistenceUnitInfo      : No LoadTimeWeaver setup: ignoring JPA class transformer
2025-04-21T15:10:11.311+05:30  INFO 23448 --- [health-tourism] [restartedMain] com.zaxxer.hikari.HikariDataSource       : HikariPool-1 - Starting...
2025-04-21T15:10:11.580+05:30  INFO 23448 --- [health-tourism] [restartedMain] com.zaxxer.hikari.pool.HikariPool        : HikariPool-1 - Added connection conn0: url=jdbc:h2:mem:testdb user=SA
2025-04-21T15:10:11.580+05:30  INFO 23448 --- [health-tourism] [restartedMain] com.zaxxer.hikari.HikariDataSource       : HikariPool-1 - Start completed.
2025-04-21T15:10:11.628+05:30  WARN 23448 --- [health-tourism] [restartedMain] org.hibernate.orm.deprecation            : HHH90000025: H2Dialect does not need to be specified explicitly using 'hibernate.dialect' (remove the property setting and it will be selected by default)
2025-04-21T15:10:11.667+05:30  INFO 23448 --- [health-tourism] [restartedMain] org.hibernate.orm.connections.pooling    : HHH10001005: Database info:
	Database JDBC URL [Connecting through datasource 'HikariDataSource (HikariPool-1)']
	Database driver: undefined/unknown
	Database version: 2.3.232
	Autocommit mode: undefined/unknown
	Isolation level: undefined/unknown
	Minimum pool size: undefined/unknown
	Maximum pool size: undefined/unknown
2025-04-21T15:10:12.527+05:30  INFO 23448 --- [health-tourism] [restartedMain] o.h.e.t.j.p.i.JtaPlatformInitiator       : HHH000489: No JTA platform available (set 'hibernate.transaction.jta.platform' to enable JTA platform integration)
2025-04-21T15:10:12.581+05:30  INFO 23448 --- [health-tourism] [restartedMain] j.LocalContainerEntityManagerFactoryBean : Initialized JPA EntityManagerFactory for persistence unit 'default'
2025-04-21T15:10:12.969+05:30  INFO 23448 --- [health-tourism] [restartedMain] o.s.d.j.r.query.QueryEnhancerFactory     : Hibernate is in classpath; If applicable, HQL parser will be used.
2025-04-21T15:10:13.837+05:30  WARN 23448 --- [health-tourism] [restartedMain] JpaBaseConfiguration$JpaWebConfiguration : spring.jpa.open-in-view is enabled by default. Therefore, database queries may be performed during view rendering. Explicitly configure spring.jpa.open-in-view to disable this warning
2025-04-21T15:10:14.395+05:30  INFO 23448 --- [health-tourism] [restartedMain] o.s.b.a.h2.H2ConsoleAutoConfiguration    : H2 console available at '/h2-console'. Database available at 'jdbc:h2:mem:testdb'
2025-04-21T15:10:14.523+05:30  INFO 23448 --- [health-tourism] [restartedMain] o.s.b.d.a.OptionalLiveReloadServer       : LiveReload server is running on port 35729
2025-04-21T15:10:14.573+05:30  INFO 23448 --- [health-tourism] [restartedMain] o.s.b.w.embedded.tomcat.TomcatWebServer  : Tomcat started on port 8080 (http) with context path '/'
2025-04-21T15:10:14.582+05:30  INFO 23448 --- [health-tourism] [restartedMain] c.e.h.HealthTourismApplication           : Started HealthTourismApplication in 7.524 seconds (process running for 8.452)
2025-04-21T15:10:50.800+05:30  INFO 23448 --- [health-tourism] [http-nio-8080-exec-1] o.a.c.c.C.[Tomcat].[localhost].[/]       : Initializing Spring DispatcherServlet 'dispatcherServlet'
2025-04-21T15:10:50.800+05:30  INFO 23448 --- [health-tourism] [http-nio-8080-exec-1] o.s.web.servlet.DispatcherServlet        : Initializing Servlet 'dispatcherServlet'
2025-04-21T15:10:50.800+05:30  INFO 23448 --- [health-tourism] [http-nio-8080-exec-1] o.s.web.servlet.DispatcherServlet        : Completed initialization in 0 ms
2025-04-21T15:40:17.846+05:30  INFO 23448 --- [health-tourism] [SpringApplicationShutdownHook] o.s.b.w.e.tomcat.GracefulShutdown        : Commencing graceful shutdown. Waiting for active requests to complete
2025-04-21T15:40:17.868+05:30  INFO 23448 --- [health-tourism] [tomcat-shutdown] o.s.b.w.e.tomcat.GracefulShutdown        : Graceful shutdown complete
2025-04-21T15:40:17.869+05:30  INFO 23448 --- [health-tourism] [SpringApplicationShutdownHook] j.LocalContainerEntityManagerFactoryBean : Closing JPA EntityManagerFactory for persistence unit 'default'
2025-04-21T15:40:17.933+05:30  WARN 23448 --- [health-tourism] [SpringApplicationShutdownHook] o.s.b.f.support.DisposableBeanAdapter    : Invocation of destroy method failed on bean with name 'inMemoryDatabaseShutdownExecutor': org.h2.jdbc.JdbcSQLNonTransientConnectionException: Database is already closed (to disable automatic closing at VM shutdown, add ";DB_CLOSE_ON_EXIT=FALSE" to the db URL) [90121-232]
2025-04-21T15:40:17.933+05:30  INFO 23448 --- [health-tourism] [SpringApplicationShutdownHook] com.zaxxer.hikari.HikariDataSource       : HikariPool-1 - Shutdown initiated...
2025-04-21T15:40:17.933+05:30  INFO 23448 --- [health-tourism] [SpringApplicationShutdownHook] com.zaxxer.hikari.HikariDataSource       : HikariPool-1 - Shutdown completed.
